# JRE version: Java(TM) SE Runtime Environment (8.0_221-b11) (build 1.8.0_221-b11)
# Java VM: Java HotSpot(TM) 64-Bit Server VM (25.221-b11 mixed mode windows-amd64 compressed oops)
Heap:
 PSYoungGen      total 36352K, used 8616K [0x00000000d6e00000, 0x00000000d9c80000, 0x0000000100000000)
  eden space 31232K, 27% used [0x00000000d6e00000,0x00000000d766a3a8,0x00000000d8c80000)
  from space 5120K, 0% used [0x00000000d8d00000,0x00000000d8d00000,0x00000000d9200000)
  to   space 8192K, 0% used [0x00000000d9480000,0x00000000d9480000,0x00000000d9c80000)
 ParOldGen       total 39936K, used 6509K [0x0000000084a00000, 0x0000000087100000, 0x00000000d6e00000)
  object space 39936K, 16% used [0x0000000084a00000,0x000000008505b6f0,0x0000000087100000)
 Metaspace       used 21756K, capacity 22014K, committed 22272K, reserved 1069056K
  class space    used 2696K, capacity 2783K, committed 2816K, reserved 1048576K
GC Heap History (10 events):
Event: 16.510 GC heap before
{Heap before GC invocations=2 (full 0):
 PSYoungGen      total 36864K, used 34933K [0x00000000d6e00000, 0x00000000d9700000, 0x0000000100000000)
  eden space 31744K, 100% used [0x00000000d6e00000,0x00000000d8d00000,0x00000000d8d00000)
  from space 5120K, 62% used [0x00000000d8d00000,0x00000000d901d418,0x00000000d9200000)
  to   space 5120K, 0% used [0x00000000d9200000,0x00000000d9200000,0x00000000d9700000)
 ParOldGen       total 84992K, used 8K [0x0000000084a00000, 0x0000000089d00000, 0x00000000d6e00000)
  object space 84992K, 0% used [0x0000000084a00000,0x0000000084a02000,0x0000000089d00000)
 Metaspace       used 12642K, capacity 12802K, committed 13056K, reserved 1060864K
  class space    used 1609K, capacity 1673K, committed 1792K, reserved 1048576K
Event: 16.515 GC heap after
Heap after GC invocations=2 (full 0):
 PSYoungGen      total 36864K, used 3579K [0x00000000d6e00000, 0x00000000d9700000, 0x0000000100000000)
  eden space 31744K, 0% used [0x00000000d6e00000,0x00000000d6e00000,0x00000000d8d00000)
  from space 5120K, 69% used [0x00000000d9200000,0x00000000d957eed0,0x00000000d9700000)
  to   space 5120K, 0% used [0x00000000d8d00000,0x00000000d8d00000,0x00000000d9200000)
 ParOldGen       total 84992K, used 16K [0x0000000084a00000, 0x0000000089d00000, 0x00000000d6e00000)
  object space 84992K, 0% used [0x0000000084a00000,0x0000000084a04000,0x0000000089d00000)
 Metaspace       used 12642K, capacity 12802K, committed 13056K, reserved 1060864K
  class space    used 1609K, capacity 1673K, committed 1792K, reserved 1048576K
}
Event: 19.946 GC heap before
{Heap before GC invocations=3 (full 0):
 PSYoungGen      total 36864K, used 35323K [0x00000000d6e00000, 0x00000000d9700000, 0x0000000100000000)
  eden space 31744K, 100% used [0x00000000d6e00000,0x00000000d8d00000,0x00000000d8d00000)
  from space 5120K, 69% used [0x00000000d9200000,0x00000000d957eed0,0x00000000d9700000)
  to   space 5120K, 0% used [0x00000000d8d00000,0x00000000d8d00000,0x00000000d9200000)
 ParOldGen       total 84992K, used 16K [0x0000000084a00000, 0x0000000089d00000, 0x00000000d6e00000)
  object space 84992K, 0% used [0x0000000084a00000,0x0000000084a04000,0x0000000089d00000)
 Metaspace       used 16119K, capacity 16328K, committed 16512K, reserved 1062912K
  class space    used 2055K, capacity 2132K, committed 2176K, reserved 1048576K
Event: 19.951 GC heap after
Heap after GC invocations=3 (full 0):
 PSYoungGen      total 36864K, used 5117K [0x00000000d6e00000, 0x00000000d9700000, 0x0000000100000000)
  eden space 31744K, 0% used [0x00000000d6e00000,0x00000000d6e00000,0x00000000d8d00000)
  from space 5120K, 99% used [0x00000000d8d00000,0x00000000d91ff4a0,0x00000000d9200000)
  to   space 5120K, 0% used [0x00000000d9200000,0x00000000d9200000,0x00000000d9700000)
 ParOldGen       total 84992K, used 447K [0x0000000084a00000, 0x0000000089d00000, 0x00000000d6e00000)
  object space 84992K, 0% used [0x0000000084a00000,0x0000000084a6fdc8,0x0000000089d00000)
 Metaspace       used 16119K, capacity 16328K, committed 16512K, reserved 1062912K
  class space    used 2055K, capacity 2132K, committed 2176K, reserved 1048576K
}
Event: 24.273 GC heap before
{Heap before GC invocations=4 (full 0):
 PSYoungGen      total 36864K, used 36861K [0x00000000d6e00000, 0x00000000d9700000, 0x0000000100000000)
  eden space 31744K, 100% used [0x00000000d6e00000,0x00000000d8d00000,0x00000000d8d00000)
  from space 5120K, 99% used [0x00000000d8d00000,0x00000000d91ff4a0,0x00000000d9200000)
  to   space 5120K, 0% used [0x00000000d9200000,0x00000000d9200000,0x00000000d9700000)
 ParOldGen       total 84992K, used 447K [0x0000000084a00000, 0x0000000089d00000, 0x00000000d6e00000)
  object space 84992K, 0% used [0x0000000084a00000,0x0000000084a6fdc8,0x0000000089d00000)
 Metaspace       used 18810K, capacity 19016K, committed 19200K, reserved 1067008K
  class space    used 2389K, capacity 2452K, committed 2560K, reserved 1048576K
Event: 24.279 GC heap after
Heap after GC invocations=4 (full 0):
 PSYoungGen      total 36864K, used 5089K [0x00000000d6e00000, 0x00000000d9700000, 0x0000000100000000)
  eden space 31744K, 0% used [0x00000000d6e00000,0x00000000d6e00000,0x00000000d8d00000)
  from space 5120K, 99% used [0x00000000d9200000,0x00000000d96f84c0,0x00000000d9700000)
  to   space 5120K, 0% used [0x00000000d8d00000,0x00000000d8d00000,0x00000000d9200000)
 ParOldGen       total 84992K, used 1629K [0x0000000084a00000, 0x0000000089d00000, 0x00000000d6e00000)
  object space 84992K, 1% used [0x0000000084a00000,0x0000000084b97440,0x0000000089d00000)
 Metaspace       used 18810K, capacity 19016K, committed 19200K, reserved 1067008K
  class space    used 2389K, capacity 2452K, committed 2560K, reserved 1048576K
}
Event: 96.027 GC heap before
{Heap before GC invocations=5 (full 0):
 PSYoungGen      total 36864K, used 32195K [0x00000000d6e00000, 0x00000000d9700000, 0x0000000100000000)
  eden space 31744K, 85% used [0x00000000d6e00000,0x00000000d8878758,0x00000000d8d00000)
  from space 5120K, 99% used [0x00000000d9200000,0x00000000d96f84c0,0x00000000d9700000)
  to   space 5120K, 0% used [0x00000000d8d00000,0x00000000d8d00000,0x00000000d9200000)
 ParOldGen       total 84992K, used 1629K [0x0000000084a00000, 0x0000000089d00000, 0x00000000d6e00000)
  object space 84992K, 1% used [0x0000000084a00000,0x0000000084b97440,0x0000000089d00000)
 Metaspace       used 20799K, capacity 21054K, committed 21248K, reserved 1067008K
  class space    used 2639K, capacity 2719K, committed 2816K, reserved 1048576K
Event: 96.038 GC heap after
Heap after GC invocations=5 (full 0):
 PSYoungGen      total 36352K, used 5102K [0x00000000d6e00000, 0x00000000d9c80000, 0x0000000100000000)
  eden space 31232K, 0% used [0x00000000d6e00000,0x00000000d6e00000,0x00000000d8c80000)
  from space 5120K, 99% used [0x00000000d8d00000,0x00000000d91fb8e0,0x00000000d9200000)
  to   space 8192K, 0% used [0x00000000d9480000,0x00000000d9480000,0x00000000d9c80000)
 ParOldGen       total 84992K, used 3155K [0x0000000084a00000, 0x0000000089d00000, 0x00000000d6e00000)
  object space 84992K, 3% used [0x0000000084a00000,0x0000000084d14d10,0x0000000089d00000)
 Metaspace       used 20799K, capacity 21054K, committed 21248K, reserved 1067008K
  class space    used 2639K, capacity 2719K, committed 2816K, reserved 1048576K
}
Event: 96.038 GC heap before
{Heap before GC invocations=6 (full 1):
 PSYoungGen      total 36352K, used 5102K [0x00000000d6e00000, 0x00000000d9c80000, 0x0000000100000000)
  eden space 31232K, 0% used [0x00000000d6e00000,0x00000000d6e00000,0x00000000d8c80000)
  from space 5120K, 99% used [0x00000000d8d00000,0x00000000d91fb8e0,0x00000000d9200000)
  to   space 8192K, 0% used [0x00000000d9480000,0x00000000d9480000,0x00000000d9c80000)
 ParOldGen       total 84992K, used 3155K [0x0000000084a00000, 0x0000000089d00000, 0x00000000d6e00000)
  object space 84992K, 3% used [0x0000000084a00000,0x0000000084d14d10,0x0000000089d00000)
 Metaspace       used 20799K, capacity 21054K, committed 21248K, reserved 1067008K
  class space    used 2639K, capacity 2719K, committed 2816K, reserved 1048576K
Event: 96.072 GC heap after
Heap after GC invocations=6 (full 1):
 PSYoungGen      total 36352K, used 0K [0x00000000d6e00000, 0x00000000d9c80000, 0x0000000100000000)
  eden space 31232K, 0% used [0x00000000d6e00000,0x00000000d6e00000,0x00000000d8c80000)
  from space 5120K, 0% used [0x00000000d8d00000,0x00000000d8d00000,0x00000000d9200000)
  to   space 8192K, 0% used [0x00000000d9480000,0x00000000d9480000,0x00000000d9c80000)
 ParOldGen       total 39936K, used 6509K [0x0000000084a00000, 0x0000000087100000, 0x00000000d6e00000)
  object space 39936K, 16% used [0x0000000084a00000,0x000000008505b6f0,0x0000000087100000)
 Metaspace       used 20799K, capacity 21054K, committed 21248K, reserved 1067008K
  class space    used 2639K, capacity 2719K, committed 2816K, reserved 1048576K
}

